1678912687188:start
1678912692304:start asdf adf 22
1678912730575:st asdf asd 22
1678912733211:start
1678912739400:2
1678912739705:1
1678912740071:2
1678912740384:1
1678912763112:lang en
1678912775775:lang ru
1678912778271:lang en
1678912781232:start
1678912786844:0
1679679911572:insertAuthor 'Иванов И.И.' 1777-07-07
1679679916692:lc
1679679921888:dc 1
1679679935814:ig Сказка
1679679939500:lg
1679939227734:insertAuthor 'Иванов И.И.' 1777-07-07
1679939265131:la
1679939473645:insertAuthor 'Иванов И.И.' 1777-07-07
1679939477571:la
1679939752870:insertAuthor 'Иванов И.И.' 1777-07-07
1679939755958:la
1679939771139:insertBook 'Неизвестная книга' 1111-01-01 1 1
1679939778262:updateBook 1 'Самая известная книга' 1111-01-01 1 1
1679939786752:deleteBook 1
1679939792545:findBook 1
1679939798006:lb
1679939805768:fbg Повесть
1679939813385:fbg Поэма
1679939840606:insertComment 'Читаем всей семьей'
1679939851778:insertComment 'Читаем всей семьей' 2
1679939858136:updateComment 2 'Удивительная книга'
1679939892579:lc
1679939902532:fcbi 1
1679939907946:fcbi 2
1679939912311:dc 1
1679939921766:fcbi 2
1679939926030:dc 1
1679939938415:fcbi 1
1679939942586:fcbi 2
1679939950764:dc 6421d89ee994d56baafb8f67
1679939955112:fcbi 2
1679940006238:dc 6421d89ee994d56baafb8f67
1679940017429:insertGenre Сказка
1679940021003:lg
1679940028710:findGenre Баллада
1680203020828:updateComment 2 'Удивительная книга'
1680203033983:ды
1680203034995:ls
1680203038867:lc
1680203057008:uc 6425dcf9ea7aec5f5f7c8e6d "Закачаешься"
1680203109546:uc 6425dcf9ea7aec5f5f7c8e6d 'акачаешься'
1680203119198:insertComment 'Читаем всей семьей' 2
1680203131331:updateComment 2 'Удивительная книга'
1680203144221:stacktrace
1680203702790:lc
1680203738606:updateComment 6425df6309c2bd1a217dffb9 'Удивительная книга'
1680203978586:lc
1680203989978:uc 6425e0b925e6f70762affb2d 'asfd'
1680206500495:lc
1680206514535:uc 6425ea998bdabd4cf9cf5f65 "hello"
1680206968545:lc
1680206989315:uc 6421d89ee994d56baafb8f6a "ногшибательноЭ\n"
1680207018881:uc 6421d89ee994d56baafb8f6a "sdf"
1680207051617:lc
1680207058622:uc  "sdf"
1680207071669:uc 6425ecbdf2ffc1774c811195 "ващеЭ\n"
1680207092644:lc
1680261766186:insertAuthor 'Иванов И.И.' 1777-07-07
1680261771180:la
1680261783824:insertBook 'Неизвестная книга' 1111-01-01 1 1
1680261793549:updateBook 1 'Самая известная книга' 1111-01-01 1 1
1680261798848:db 1
1680261803271:fb 1
1680261804682:fb 2
1680261809671:lb
1680261816136:fbg Повесть
1680261860250:ic 'Привет' 2
1680261873768:uc 2 'книга!'
1680261880260:lc
1680261896163:uc 6426bf75e10aa755957bcd0a 'хмммммм.'
1680261899895:lc
1680261910129:fcbi 1
1680261913327:fcbi 2
1680261922433:dc 6426bf75e10aa755957bcd07
1680261929211:fcbi 2
1680261948858:ig Сказание
1680261951856:lg
1680261962536:fg Сказание
1680262065354:fg Пов
1680263677732:fg Поэма
1680263683712:fg П
1680263703439:fbg Поэма
1680263708506:fbg П
